0 info it worked if it ends with ok
1 verbose cli [ '/usr/bin/node',
1 verbose cli   '/usr/bin/npm',
1 verbose cli   '-g',
1 verbose cli   'install',
1 verbose cli   'grunt-contrib-watch',
1 verbose cli   'grunt-contrib-sass' ]
2 info using npm@1.4.28
3 info using node@v0.10.33
4 verbose node symlink /usr/bin/node
5 verbose cache add [ 'grunt-contrib-watch', null ]
6 verbose cache add name=undefined spec="grunt-contrib-watch" args=["grunt-contrib-watch",null]
7 verbose parsed url { protocol: null,
7 verbose parsed url   slashes: null,
7 verbose parsed url   auth: null,
7 verbose parsed url   host: null,
7 verbose parsed url   port: null,
7 verbose parsed url   hostname: null,
7 verbose parsed url   hash: null,
7 verbose parsed url   search: null,
7 verbose parsed url   query: null,
7 verbose parsed url   pathname: 'grunt-contrib-watch',
7 verbose parsed url   path: 'grunt-contrib-watch',
7 verbose parsed url   href: 'grunt-contrib-watch' }
8 verbose cache add [ 'grunt-contrib-sass', null ]
9 verbose cache add name=undefined spec="grunt-contrib-sass" args=["grunt-contrib-sass",null]
10 verbose parsed url { protocol: null,
10 verbose parsed url   slashes: null,
10 verbose parsed url   auth: null,
10 verbose parsed url   host: null,
10 verbose parsed url   port: null,
10 verbose parsed url   hostname: null,
10 verbose parsed url   hash: null,
10 verbose parsed url   search: null,
10 verbose parsed url   query: null,
10 verbose parsed url   pathname: 'grunt-contrib-sass',
10 verbose parsed url   path: 'grunt-contrib-sass',
10 verbose parsed url   href: 'grunt-contrib-sass' }
11 silly lockFile 7f2b8bdb-grunt-contrib-watch grunt-contrib-watch
12 verbose lock grunt-contrib-watch /home/marsh/.npm/7f2b8bdb-grunt-contrib-watch.lock
13 silly lockFile d7fc68e3-grunt-contrib-sass grunt-contrib-sass
14 verbose lock grunt-contrib-sass /home/marsh/.npm/d7fc68e3-grunt-contrib-sass.lock
15 silly lockFile 7f2b8bdb-grunt-contrib-watch grunt-contrib-watch
16 silly lockFile 7f2b8bdb-grunt-contrib-watch grunt-contrib-watch
17 silly lockFile d7fc68e3-grunt-contrib-sass grunt-contrib-sass
18 silly lockFile d7fc68e3-grunt-contrib-sass grunt-contrib-sass
19 verbose addNamed [ 'grunt-contrib-watch', '' ]
20 verbose addNamed [ null, '*' ]
21 silly lockFile b64937f1-grunt-contrib-watch grunt-contrib-watch@
22 verbose lock grunt-contrib-watch@ /home/marsh/.npm/b64937f1-grunt-contrib-watch.lock
23 verbose addNamed [ 'grunt-contrib-sass', '' ]
24 verbose addNamed [ null, '*' ]
25 silly lockFile 5a9e20b6-grunt-contrib-sass grunt-contrib-sass@
26 verbose lock grunt-contrib-sass@ /home/marsh/.npm/5a9e20b6-grunt-contrib-sass.lock
27 silly addNameRange { name: 'grunt-contrib-watch', range: '*', hasData: false }
28 silly addNameRange { name: 'grunt-contrib-sass', range: '*', hasData: false }
29 verbose request where is /grunt-contrib-watch
30 verbose request registry https://registry.npmjs.org/
31 verbose request id 984ac1f6a3f6b6f5
32 verbose url raw /grunt-contrib-watch
33 verbose url resolving [ 'https://registry.npmjs.org/', './grunt-contrib-watch' ]
34 verbose url resolved https://registry.npmjs.org/grunt-contrib-watch
35 verbose request where is https://registry.npmjs.org/grunt-contrib-watch
36 info trying registry request attempt 1 at 20:54:12
37 http GET https://registry.npmjs.org/grunt-contrib-watch
38 verbose request where is /grunt-contrib-sass
39 verbose request registry https://registry.npmjs.org/
40 verbose url raw /grunt-contrib-sass
41 verbose url resolving [ 'https://registry.npmjs.org/', './grunt-contrib-sass' ]
42 verbose url resolved https://registry.npmjs.org/grunt-contrib-sass
43 verbose request where is https://registry.npmjs.org/grunt-contrib-sass
44 info trying registry request attempt 1 at 20:54:12
45 http GET https://registry.npmjs.org/grunt-contrib-sass
46 http 200 https://registry.npmjs.org/grunt-contrib-watch
47 silly registry.get cb [ 200,
47 silly registry.get   { date: 'Mon, 26 Jan 2015 18:54:13 GMT',
47 silly registry.get     server: 'CouchDB/1.5.0 (Erlang OTP/R16B03)',
47 silly registry.get     etag: '"2T13XJA6DABBQQ6LOSCMT9LHN"',
47 silly registry.get     'content-type': 'application/json',
47 silly registry.get     'cache-control': 'max-age=60',
47 silly registry.get     'content-length': '60025',
47 silly registry.get     'accept-ranges': 'bytes',
47 silly registry.get     via: '1.1 varnish',
47 silly registry.get     age: '33',
47 silly registry.get     'x-served-by': 'cache-fra1237-FRA',
47 silly registry.get     'x-cache': 'HIT',
47 silly registry.get     'x-cache-hits': '1',
47 silly registry.get     'x-timer': 'S1422298453.454146,VS0,VE0',
47 silly registry.get     vary: 'Accept',
47 silly registry.get     'keep-alive': 'timeout=10, max=50',
47 silly registry.get     connection: 'Keep-Alive' } ]
48 http 200 https://registry.npmjs.org/grunt-contrib-sass
49 silly registry.get cb [ 200,
49 silly registry.get   { date: 'Mon, 26 Jan 2015 18:54:13 GMT',
49 silly registry.get     server: 'CouchDB/1.5.0 (Erlang OTP/R16B03)',
49 silly registry.get     etag: '"CIDDBRAWKIU7QN9TO106EXQHP"',
49 silly registry.get     'content-type': 'application/json',
49 silly registry.get     'cache-control': 'max-age=60',
49 silly registry.get     'content-length': '41170',
49 silly registry.get     'accept-ranges': 'bytes',
49 silly registry.get     via: '1.1 varnish',
49 silly registry.get     age: '59',
49 silly registry.get     'x-served-by': 'cache-fra1231-FRA',
49 silly registry.get     'x-cache': 'HIT',
49 silly registry.get     'x-cache-hits': '2',
49 silly registry.get     'x-timer': 'S1422298453.457430,VS0,VE0',
49 silly registry.get     vary: 'Accept',
49 silly registry.get     'keep-alive': 'timeout=10, max=50',
49 silly registry.get     connection: 'Keep-Alive' } ]
50 silly addNameRange number 2 { name: 'grunt-contrib-watch', range: '*', hasData: true }
51 silly addNameRange versions [ 'grunt-contrib-watch',
51 silly addNameRange   [ '0.1.0',
51 silly addNameRange     '0.1.1',
51 silly addNameRange     '0.1.2',
51 silly addNameRange     '0.1.3',
51 silly addNameRange     '0.1.4',
51 silly addNameRange     '0.2.0',
51 silly addNameRange     '0.3.0',
51 silly addNameRange     '0.3.1',
51 silly addNameRange     '0.4.0',
51 silly addNameRange     '0.4.1',
51 silly addNameRange     '0.4.2',
51 silly addNameRange     '0.4.3',
51 silly addNameRange     '0.4.4',
51 silly addNameRange     '0.5.0',
51 silly addNameRange     '0.5.1',
51 silly addNameRange     '0.5.2',
51 silly addNameRange     '0.5.3',
51 silly addNameRange     '0.6.0',
51 silly addNameRange     '0.6.1',
51 silly addNameRange     '0.2.0-a',
51 silly addNameRange     '0.2.0-rc5',
51 silly addNameRange     '0.2.0-rc7' ] ]
52 verbose addNamed [ 'grunt-contrib-watch', '0.6.1' ]
53 verbose addNamed [ '0.6.1', '0.6.1' ]
54 silly lockFile 08049756-grunt-contrib-watch-0-6-1 grunt-contrib-watch@0.6.1
55 verbose lock grunt-contrib-watch@0.6.1 /home/marsh/.npm/08049756-grunt-contrib-watch-0-6-1.lock
56 silly addNameRange number 2 { name: 'grunt-contrib-sass', range: '*', hasData: true }
57 silly addNameRange versions [ 'grunt-contrib-sass',
57 silly addNameRange   [ '0.1.0',
57 silly addNameRange     '0.1.1',
57 silly addNameRange     '0.1.2',
57 silly addNameRange     '0.1.3',
57 silly addNameRange     '0.2.0',
57 silly addNameRange     '0.2.1',
57 silly addNameRange     '0.2.2',
57 silly addNameRange     '0.3.0',
57 silly addNameRange     '0.4.0',
57 silly addNameRange     '0.4.1',
57 silly addNameRange     '0.5.0',
57 silly addNameRange     '0.5.1',
57 silly addNameRange     '0.6.0',
57 silly addNameRange     '0.2.2-rc7',
57 silly addNameRange     '0.7.0',
57 silly addNameRange     '0.7.1',
57 silly addNameRange     '0.7.2',
57 silly addNameRange     '0.7.3',
57 silly addNameRange     '0.7.4',
57 silly addNameRange     '0.8.0',
57 silly addNameRange     '0.8.1' ] ]
58 verbose addNamed [ 'grunt-contrib-sass', '0.8.1' ]
59 verbose addNamed [ '0.8.1', '0.8.1' ]
60 silly lockFile db282d06-grunt-contrib-sass-0-8-1 grunt-contrib-sass@0.8.1
61 verbose lock grunt-contrib-sass@0.8.1 /home/marsh/.npm/db282d06-grunt-contrib-sass-0-8-1.lock
62 silly lockFile 0fc29299-ch-grunt-contrib-watch-0-6-1-tgz https://registry.npmjs.org/grunt-contrib-watch/-/grunt-contrib-watch-0.6.1.tgz
63 verbose lock https://registry.npmjs.org/grunt-contrib-watch/-/grunt-contrib-watch-0.6.1.tgz /home/marsh/.npm/0fc29299-ch-grunt-contrib-watch-0-6-1-tgz.lock
64 silly lockFile 01fdd1cd-ass-grunt-contrib-sass-0-8-1-tgz https://registry.npmjs.org/grunt-contrib-sass/-/grunt-contrib-sass-0.8.1.tgz
65 verbose lock https://registry.npmjs.org/grunt-contrib-sass/-/grunt-contrib-sass-0.8.1.tgz /home/marsh/.npm/01fdd1cd-ass-grunt-contrib-sass-0-8-1-tgz.lock
66 verbose addRemoteTarball [ 'https://registry.npmjs.org/grunt-contrib-watch/-/grunt-contrib-watch-0.6.1.tgz',
66 verbose addRemoteTarball   '64fdcba25a635f5b4da1b6ce6f90da0aeb6e3f15' ]
67 verbose addRemoteTarball [ 'https://registry.npmjs.org/grunt-contrib-sass/-/grunt-contrib-sass-0.8.1.tgz',
67 verbose addRemoteTarball   '8de924480dc12a51d35abe96a721682afc88d800' ]
68 info retry fetch attempt 1 at 20:54:13
69 verbose fetch to= /tmp/npm-16848-xwRCcVnk/registry.npmjs.org/grunt-contrib-watch/-/grunt-contrib-watch-0.6.1.tgz
70 info retry fetch attempt 1 at 20:54:13
71 verbose fetch to= /tmp/npm-16848-xwRCcVnk/registry.npmjs.org/grunt-contrib-sass/-/grunt-contrib-sass-0.8.1.tgz
72 http GET https://registry.npmjs.org/grunt-contrib-watch/-/grunt-contrib-watch-0.6.1.tgz
73 http GET https://registry.npmjs.org/grunt-contrib-sass/-/grunt-contrib-sass-0.8.1.tgz
74 http 200 https://registry.npmjs.org/grunt-contrib-watch/-/grunt-contrib-watch-0.6.1.tgz
75 http 200 https://registry.npmjs.org/grunt-contrib-sass/-/grunt-contrib-sass-0.8.1.tgz
76 silly lockFile 01fdd1cd-ass-grunt-contrib-sass-0-8-1-tgz https://registry.npmjs.org/grunt-contrib-sass/-/grunt-contrib-sass-0.8.1.tgz
77 silly lockFile 01fdd1cd-ass-grunt-contrib-sass-0-8-1-tgz https://registry.npmjs.org/grunt-contrib-sass/-/grunt-contrib-sass-0.8.1.tgz
78 silly lockFile db282d06-grunt-contrib-sass-0-8-1 grunt-contrib-sass@0.8.1
79 silly lockFile db282d06-grunt-contrib-sass-0-8-1 grunt-contrib-sass@0.8.1
80 silly lockFile 5a9e20b6-grunt-contrib-sass grunt-contrib-sass@
81 silly lockFile 5a9e20b6-grunt-contrib-sass grunt-contrib-sass@
82 silly lockFile 0fc29299-ch-grunt-contrib-watch-0-6-1-tgz https://registry.npmjs.org/grunt-contrib-watch/-/grunt-contrib-watch-0.6.1.tgz
83 silly lockFile 0fc29299-ch-grunt-contrib-watch-0-6-1-tgz https://registry.npmjs.org/grunt-contrib-watch/-/grunt-contrib-watch-0.6.1.tgz
84 silly lockFile 08049756-grunt-contrib-watch-0-6-1 grunt-contrib-watch@0.6.1
85 silly lockFile 08049756-grunt-contrib-watch-0-6-1 grunt-contrib-watch@0.6.1
86 silly lockFile b64937f1-grunt-contrib-watch grunt-contrib-watch@
87 silly lockFile b64937f1-grunt-contrib-watch grunt-contrib-watch@
88 silly resolved [ { name: 'grunt-contrib-sass',
88 silly resolved     description: 'Compile Sass to CSS',
88 silly resolved     version: '0.8.1',
88 silly resolved     homepage: 'https://github.com/gruntjs/grunt-contrib-sass',
88 silly resolved     author: { name: 'Grunt Team', url: 'http://gruntjs.com/' },
88 silly resolved     repository:
88 silly resolved      { type: 'git',
88 silly resolved        url: 'git://github.com/gruntjs/grunt-contrib-sass' },
88 silly resolved     licenses: [ [Object] ],
88 silly resolved     engines: { node: '>=0.10.0' },
88 silly resolved     scripts: { test: 'grunt test' },
88 silly resolved     dependencies:
88 silly resolved      { async: '^0.9.0',
88 silly resolved        chalk: '^0.5.1',
88 silly resolved        dargs: '^2.0.0',
88 silly resolved        which: '^1.0.5',
88 silly resolved        'win-spawn': '^2.0.0' },
88 silly resolved     devDependencies:
88 silly resolved      { grunt: '^0.4.5',
88 silly resolved        'grunt-contrib-clean': '^0.6.0',
88 silly resolved        'grunt-contrib-internal': '^0.4.10',
88 silly resolved        'grunt-contrib-jshint': '^0.10.0',
88 silly resolved        'grunt-contrib-nodeunit': '^0.4.1' },
88 silly resolved     peerDependencies: { grunt: '>=0.4.0' },
88 silly resolved     keywords:
88 silly resolved      [ 'gruntplugin',
88 silly resolved        'scss',
88 silly resolved        'sass',
88 silly resolved        'css',
88 silly resolved        'compile',
88 silly resolved        'preprocessor',
88 silly resolved        'style' ],
88 silly resolved     contributors: [ [Object] ],
88 silly resolved     bugs: { url: 'https://github.com/gruntjs/grunt-contrib-sass/issues' },
88 silly resolved     _id: 'grunt-contrib-sass@0.8.1',
88 silly resolved     _shasum: '8de924480dc12a51d35abe96a721682afc88d800',
88 silly resolved     _from: 'grunt-contrib-sass@',
88 silly resolved     _npmVersion: '1.4.9',
88 silly resolved     _npmUser: { name: 'sindresorhus', email: 'sindresorhus@gmail.com' },
88 silly resolved     maintainers: [ [Object], [Object], [Object], [Object], [Object] ],
88 silly resolved     dist:
88 silly resolved      { shasum: '8de924480dc12a51d35abe96a721682afc88d800',
88 silly resolved        tarball: 'http://registry.npmjs.org/grunt-contrib-sass/-/grunt-contrib-sass-0.8.1.tgz' },
88 silly resolved     directories: {},
88 silly resolved     _resolved: 'https://registry.npmjs.org/grunt-contrib-sass/-/grunt-contrib-sass-0.8.1.tgz' },
88 silly resolved   { name: 'grunt-contrib-watch',
88 silly resolved     description: 'Run predefined tasks whenever watched file patterns are added, changed or deleted.',
88 silly resolved     version: '0.6.1',
88 silly resolved     homepage: 'https://github.com/gruntjs/grunt-contrib-watch',
88 silly resolved     author: { name: 'Grunt Team', url: 'http://gruntjs.com/' },
88 silly resolved     repository:
88 silly resolved      { type: 'git',
88 silly resolved        url: 'git://github.com/gruntjs/grunt-contrib-watch.git' },
88 silly resolved     bugs: { url: 'https://github.com/gruntjs/grunt-contrib-watch/issues' },
88 silly resolved     licenses: [ [Object] ],
88 silly resolved     engines: { node: '>= 0.8.0' },
88 silly resolved     scripts: { test: 'grunt nodeunit -v' },
88 silly resolved     dependencies:
88 silly resolved      { gaze: '~0.5.1',
88 silly resolved        'tiny-lr-fork': '0.0.5',
88 silly resolved        lodash: '~2.4.1',
88 silly resolved        async: '~0.2.9' },
88 silly resolved     devDependencies:
88 silly resolved      { grunt: '~0.4.0',
88 silly resolved        'grunt-contrib-jshint': '~0.8.0',
88 silly resolved        'grunt-contrib-nodeunit': '~0.3.3',
88 silly resolved        'grunt-contrib-internal': '~0.4.7',
88 silly resolved        'underscore.string': '~2.3.3' },
88 silly resolved     peerDependencies: { grunt: '~0.4.0' },
88 silly resolved     keywords: [ 'gruntplugin', 'watch' ],
88 silly resolved     files: [ 'tasks', 'LICENSE-MIT' ],
88 silly resolved     _id: 'grunt-contrib-watch@0.6.1',
88 silly resolved     dist:
88 silly resolved      { shasum: '64fdcba25a635f5b4da1b6ce6f90da0aeb6e3f15',
88 silly resolved        tarball: 'http://registry.npmjs.org/grunt-contrib-watch/-/grunt-contrib-watch-0.6.1.tgz' },
88 silly resolved     _from: 'grunt-contrib-watch@',
88 silly resolved     _npmVersion: '1.4.4',
88 silly resolved     _npmUser: { name: 'shama', email: 'kyle@dontkry.com' },
88 silly resolved     maintainers: [ [Object], [Object], [Object], [Object], [Object], [Object] ],
88 silly resolved     directories: {},
88 silly resolved     _shasum: '64fdcba25a635f5b4da1b6ce6f90da0aeb6e3f15',
88 silly resolved     _resolved: 'https://registry.npmjs.org/grunt-contrib-watch/-/grunt-contrib-watch-0.6.1.tgz' } ]
89 info install grunt-contrib-sass@0.8.1 into /usr/lib
90 info install grunt-contrib-watch@0.6.1 into /usr/lib
91 info installOne grunt-contrib-sass@0.8.1
92 info installOne grunt-contrib-watch@0.6.1
93 verbose lib/node_modules/grunt-contrib-sass unbuild
94 verbose lib/node_modules/grunt-contrib-watch unbuild
95 verbose tar unpack /home/marsh/.npm/grunt-contrib-sass/0.8.1/package.tgz
96 silly lockFile 3e7188d0--node-modules-grunt-contrib-sass tar:///usr/lib/node_modules/grunt-contrib-sass
97 verbose lock tar:///usr/lib/node_modules/grunt-contrib-sass /home/marsh/.npm/3e7188d0--node-modules-grunt-contrib-sass.lock
98 silly lockFile ea027586-t-contrib-sass-0-8-1-package-tgz tar:///home/marsh/.npm/grunt-contrib-sass/0.8.1/package.tgz
99 verbose lock tar:///home/marsh/.npm/grunt-contrib-sass/0.8.1/package.tgz /home/marsh/.npm/ea027586-t-contrib-sass-0-8-1-package-tgz.lock
100 verbose tar unpack /home/marsh/.npm/grunt-contrib-watch/0.6.1/package.tgz
101 silly lockFile c4f0418d-node-modules-grunt-contrib-watch tar:///usr/lib/node_modules/grunt-contrib-watch
102 verbose lock tar:///usr/lib/node_modules/grunt-contrib-watch /home/marsh/.npm/c4f0418d-node-modules-grunt-contrib-watch.lock
103 silly lockFile aa17cb7c--contrib-watch-0-6-1-package-tgz tar:///home/marsh/.npm/grunt-contrib-watch/0.6.1/package.tgz
104 verbose lock tar:///home/marsh/.npm/grunt-contrib-watch/0.6.1/package.tgz /home/marsh/.npm/aa17cb7c--contrib-watch-0-6-1-package-tgz.lock
105 silly gunzTarPerm modes [ '775', '664' ]
106 silly gunzTarPerm modes [ '775', '664' ]
107 error Error: EACCES, mkdir '/usr/lib/node_modules/grunt-contrib-sass'
107 error  { [Error: EACCES, mkdir '/usr/lib/node_modules/grunt-contrib-sass']
107 error   errno: 3,
107 error   code: 'EACCES',
107 error   path: '/usr/lib/node_modules/grunt-contrib-sass',
107 error   fstream_type: 'Directory',
107 error   fstream_path: '/usr/lib/node_modules/grunt-contrib-sass',
107 error   fstream_class: 'DirWriter',
107 error   fstream_stack:
107 error    [ '/usr/lib/node_modules/npm/node_modules/fstream/lib/dir-writer.js:36:23',
107 error      '/usr/lib/node_modules/npm/node_modules/mkdirp/index.js:46:53',
107 error      'Object.oncomplete (fs.js:107:15)' ] }
108 error Please try running this command again as root/Administrator.
109 error System Linux 3.13.0-43-generic
110 error command "/usr/bin/node" "/usr/bin/npm" "-g" "install" "grunt-contrib-watch" "grunt-contrib-sass"
111 error cwd /home/marsh/Public/DefaultValue
112 error node -v v0.10.33
113 error npm -v 1.4.28
114 error path /usr/lib/node_modules/grunt-contrib-sass
115 error fstream_path /usr/lib/node_modules/grunt-contrib-sass
116 error fstream_type Directory
117 error fstream_class DirWriter
118 error code EACCES
119 error errno 3
120 error stack Error: EACCES, mkdir '/usr/lib/node_modules/grunt-contrib-sass'
121 error fstream_stack /usr/lib/node_modules/npm/node_modules/fstream/lib/dir-writer.js:36:23
121 error fstream_stack /usr/lib/node_modules/npm/node_modules/mkdirp/index.js:46:53
121 error fstream_stack Object.oncomplete (fs.js:107:15)
122 verbose exit [ 3, true ]
